<?xml version="1.0" encoding="UTF-8"?>
<!-- Generated by org.testng.reporters.JUnitReportReporter -->
<testsuite skipped="0" hostname="INCHEDTDM1800" name="test.day4" tests="3" failures="0" timestamp="17 Sep 2018 05:10:52 GMT" time="0.014" errors="0">
  <testcase name="MobileLoginHomeLoan" time="0.000" classname="test.day4"/>
  <testcase name="WebloginHomeLoan" time="0.002" classname="test.day4"/>
  <testcase name="LoginAPIHomeLoan" time="0.012" classname="test.day4"/>
</testsuite> <!-- test.day4 -->
