<?xml version="1.0" encoding="UTF-8"?>
<!-- Generated by org.testng.reporters.JUnitReportReporter -->
<testsuite skipped="1" hostname="INCHEDTDM1800" name="test.day3" tests="6" failures="0" timestamp="17 Sep 2018 05:10:52 GMT" time="0.009" errors="0">
  <testcase name="MobilesignoutcarLoan" time="0.000" classname="test.day3"/>
  <testcase name="MobilesignoutcarLoan" time="0.000" classname="test.day3"/>
  <testcase name="WebloginCarLoan" time="0.002" classname="test.day3"/>
  <testcase name="MobileLogincarLoan" time="0.006" classname="test.day3"/>
  <testcase name="MobilesignoutcarLoan" time="0.001" classname="test.day3"/>
  <testcase name="MobilesignimcarLoan" classname="test.day3">
    <skipped/>
  </testcase> <!-- MobilesignimcarLoan -->
</testsuite> <!-- test.day3 -->
